=== INICIO DE SCRAPING CORREGIDO - lun 11 ago 2025 16:05:06 -05 ===
[0;34m[INFO][0m Verificando dependencias...
[0;32m[SUCCESS][0m Todas las dependencias están disponibles
[0;34m[INFO][0m Obteniendo RUCs de la tabla ruc_pruebas...
[0;32m[SUCCESS][0m Se encontraron 26 RUCs para procesar
[0;34m[INFO][0m === CONFIGURACIÓN ===
[0;34m[INFO][0m Máximo de reintentos por RUC: 3
[0;34m[INFO][0m Timeout por RUC: 300s
[0;34m[INFO][0m Validación: Solo sintaxis JSON y contenido no vacío
[0;34m[INFO][0m Directorio de resultados: resultados_scraping
[0;34m[INFO][0m RUCs a procesar:
10420242986
10467806527
10470593291
10477649845
10712337601
10719706288
10725461327
10729620730
10738074292
10758153911
[0;34m[INFO][0m ... y 16 más
[1;33m[WARNING][0m ⚠️  Se procesarán 26 RUCs con control de errores y reintentos
[1;33m[WARNING][0m ⚠️  Tiempo estimado: 52 - 130 minutos
[0;34m[INFO][0m Iniciando procesamiento de 26 RUCs...
[0;34m[INFO][0m === Procesando RUC 1/26: 10420242986 ===
[0;34m[INFO][0m [1/26] Procesando RUC: 10420242986 (Intento 1/3)
[0;31m[ERROR][0m [1/26] RUC 10420242986: Error del scraper (código: 1, 122s, intento 1)
[0;31m[ERROR][0m Detalles del error:
[0;31m[ERROR][0m   panic: context canceled
[0;31m[ERROR][0m   github.com/consulta-ruc-scraper/pkg/scraper.NewSUNATScraper.New.(*Browser).WithPanic.genE.func1({0xc0005044b0?, 0xc000047930?, 0x1?})
[0;35m[RETRY][0m Esperando 5s antes del próximo intento para RUC 10420242986...
[0;34m[INFO][0m [1/26] Procesando RUC: 10420242986 (Intento 2/3)
[0;35m[DEBUG][0m Validando JSON: ruc_completo_10420242986.json para RUC: 10420242986
[0;35m[DEBUG][0m Tamaño del archivo JSON: 2048 bytes
[0;35m[DEBUG][0m RUC no encontrado en campos estándar, buscando en todo el JSON...
[1;33m[WARNING][0m RUC no encontrado en JSON. Estructura del archivo:
[0;35m[DEBUG][0m   Clave encontrada: [
[0;35m[DEBUG][0m   Clave encontrada: "actas_probatorias",
[0;35m[DEBUG][0m   Clave encontrada: "cantidad_trabajadores",
[0;35m[DEBUG][0m   Clave encontrada: "deuda_coactiva",
[0;35m[DEBUG][0m   Clave encontrada: "facturas_fisicas",
[1;33m[WARNING][0m JSON tiene contenido (9 claves) pero RUC no coincide. Aceptando como válido.
[0;32m[SUCCESS][0m [1/26] RUC 10420242986 procesado exitosamente (136s, intento 2)
[0;34m[INFO][0m === Procesando RUC 2/26: 10467806527 ===
[0;34m[INFO][0m [2/26] Procesando RUC: 10467806527 (Intento 1/3)
[0;31m[ERROR][0m [2/26] RUC 10467806527: Error del scraper (código: 1, 78s, intento 1)
[0;31m[ERROR][0m Detalles del error:
[0;31m[ERROR][0m   panic: navigation failed: net::ERR_CERT_VERIFIER_CHANGED
[0;31m[ERROR][0m   github.com/consulta-ruc-scraper/pkg/scraper.NewSUNATScraper.New.(*Browser).WithPanic.genE.func1({0xc00022b1f0?, 0x51?, 0x0?})
[0;35m[RETRY][0m Esperando 5s antes del próximo intento para RUC 10467806527...
[0;34m[INFO][0m [2/26] Procesando RUC: 10467806527 (Intento 2/3)
[0;35m[DEBUG][0m Validando JSON: ruc_completo_10467806527.json para RUC: 10467806527
[0;35m[DEBUG][0m Tamaño del archivo JSON: 1948 bytes
[0;35m[DEBUG][0m RUC no encontrado en campos estándar, buscando en todo el JSON...
[1;33m[WARNING][0m RUC no encontrado en JSON. Estructura del archivo:
[0;35m[DEBUG][0m   Clave encontrada: [
[0;35m[DEBUG][0m   Clave encontrada: "actas_probatorias",
[0;35m[DEBUG][0m   Clave encontrada: "cantidad_trabajadores",
[0;35m[DEBUG][0m   Clave encontrada: "deuda_coactiva",
[0;35m[DEBUG][0m   Clave encontrada: "facturas_fisicas",
[1;33m[WARNING][0m JSON tiene contenido (9 claves) pero RUC no coincide. Aceptando como válido.
[0;32m[SUCCESS][0m [2/26] RUC 10467806527 procesado exitosamente (212s, intento 2)
[0;34m[INFO][0m === Procesando RUC 3/26: 10470593291 ===
[0;34m[INFO][0m [3/26] Procesando RUC: 10470593291 (Intento 1/3)
[0;35m[DEBUG][0m Validando JSON: ruc_completo_10470593291.json para RUC: 10470593291
[0;35m[DEBUG][0m Tamaño del archivo JSON: 2194 bytes
[0;35m[DEBUG][0m RUC no encontrado en campos estándar, buscando en todo el JSON...
[1;33m[WARNING][0m RUC no encontrado en JSON. Estructura del archivo:
[0;35m[DEBUG][0m   Clave encontrada: [
[0;35m[DEBUG][0m   Clave encontrada: "actas_probatorias",
[0;35m[DEBUG][0m   Clave encontrada: "cantidad_trabajadores",
[0;35m[DEBUG][0m   Clave encontrada: "deuda_coactiva",
[0;35m[DEBUG][0m   Clave encontrada: "facturas_fisicas",
[1;33m[WARNING][0m JSON tiene contenido (9 claves) pero RUC no coincide. Aceptando como válido.
[0;32m[SUCCESS][0m [3/26] RUC 10470593291 procesado exitosamente (129s, intento 1)
[0;34m[INFO][0m === Procesando RUC 4/26: 10477649845 ===
[0;34m[INFO][0m [4/26] Procesando RUC: 10477649845 (Intento 1/3)
[0;35m[DEBUG][0m Validando JSON: ruc_completo_10477649845.json para RUC: 10477649845
[0;35m[DEBUG][0m Tamaño del archivo JSON: 2121 bytes
[0;35m[DEBUG][0m RUC no encontrado en campos estándar, buscando en todo el JSON...
[1;33m[WARNING][0m RUC no encontrado en JSON. Estructura del archivo:
[0;35m[DEBUG][0m   Clave encontrada: [
[0;35m[DEBUG][0m   Clave encontrada: "actas_probatorias",
[0;35m[DEBUG][0m   Clave encontrada: "cantidad_trabajadores",
[0;35m[DEBUG][0m   Clave encontrada: "deuda_coactiva",
[0;35m[DEBUG][0m   Clave encontrada: "facturas_fisicas",
[1;33m[WARNING][0m JSON tiene contenido (9 claves) pero RUC no coincide. Aceptando como válido.
[0;32m[SUCCESS][0m [4/26] RUC 10477649845 procesado exitosamente (130s, intento 1)
[0;34m[INFO][0m === Procesando RUC 5/26: 10712337601 ===
[0;34m[INFO][0m [5/26] Procesando RUC: 10712337601 (Intento 1/3)
[0;35m[DEBUG][0m Validando JSON: ruc_completo_10712337601.json para RUC: 10712337601
[0;35m[DEBUG][0m Tamaño del archivo JSON: 2110 bytes
[0;35m[DEBUG][0m RUC no encontrado en campos estándar, buscando en todo el JSON...
[1;33m[WARNING][0m RUC no encontrado en JSON. Estructura del archivo:
[0;35m[DEBUG][0m   Clave encontrada: [
[0;35m[DEBUG][0m   Clave encontrada: "actas_probatorias",
[0;35m[DEBUG][0m   Clave encontrada: "cantidad_trabajadores",
[0;35m[DEBUG][0m   Clave encontrada: "deuda_coactiva",
[0;35m[DEBUG][0m   Clave encontrada: "facturas_fisicas",
[1;33m[WARNING][0m JSON tiene contenido (9 claves) pero RUC no coincide. Aceptando como válido.
[0;32m[SUCCESS][0m [5/26] RUC 10712337601 procesado exitosamente (136s, intento 1)
[0;34m[INFO][0m === PROGRESO: 5/26 (5 éxitos, 0 errores) - ETA: 4053s ===
[0;34m[INFO][0m === Procesando RUC 6/26: 10719706288 ===
[0;34m[INFO][0m [6/26] Procesando RUC: 10719706288 (Intento 1/3)
[0;35m[DEBUG][0m Validando JSON: ruc_completo_10719706288.json para RUC: 10719706288
[0;35m[DEBUG][0m Tamaño del archivo JSON: 1898 bytes
[0;35m[DEBUG][0m RUC no encontrado en campos estándar, buscando en todo el JSON...
[1;33m[WARNING][0m RUC no encontrado en JSON. Estructura del archivo:
[0;35m[DEBUG][0m   Clave encontrada: [
[0;35m[DEBUG][0m   Clave encontrada: "actas_probatorias",
[0;35m[DEBUG][0m   Clave encontrada: "cantidad_trabajadores",
[0;35m[DEBUG][0m   Clave encontrada: "deuda_coactiva",
[0;35m[DEBUG][0m   Clave encontrada: "facturas_fisicas",
[1;33m[WARNING][0m JSON tiene contenido (9 claves) pero RUC no coincide. Aceptando como válido.
[0;32m[SUCCESS][0m [6/26] RUC 10719706288 procesado exitosamente (131s, intento 1)
[0;34m[INFO][0m === Procesando RUC 7/26: 10725461327 ===
[0;34m[INFO][0m [7/26] Procesando RUC: 10725461327 (Intento 1/3)
[0;35m[DEBUG][0m Validando JSON: ruc_completo_10725461327.json para RUC: 10725461327
[0;35m[DEBUG][0m Tamaño del archivo JSON: 1915 bytes
[0;35m[DEBUG][0m RUC no encontrado en campos estándar, buscando en todo el JSON...
[1;33m[WARNING][0m RUC no encontrado en JSON. Estructura del archivo:
[0;35m[DEBUG][0m   Clave encontrada: [
[0;35m[DEBUG][0m   Clave encontrada: "actas_probatorias",
[0;35m[DEBUG][0m   Clave encontrada: "cantidad_trabajadores",
[0;35m[DEBUG][0m   Clave encontrada: "deuda_coactiva",
[0;35m[DEBUG][0m   Clave encontrada: "facturas_fisicas",
[1;33m[WARNING][0m JSON tiene contenido (9 claves) pero RUC no coincide. Aceptando como válido.
[0;32m[SUCCESS][0m [7/26] RUC 10725461327 procesado exitosamente (147s, intento 1)
[0;34m[INFO][0m === Procesando RUC 8/26: 10729620730 ===
[0;34m[INFO][0m [8/26] Procesando RUC: 10729620730 (Intento 1/3)
[0;31m[ERROR][0m [8/26] RUC 10729620730: Timeout (>300s, intento 1)
[0;35m[RETRY][0m Esperando 5s antes del próximo intento para RUC 10729620730...
[0;34m[INFO][0m [8/26] Procesando RUC: 10729620730 (Intento 2/3)
[0;35m[DEBUG][0m Validando JSON: ruc_completo_10729620730.json para RUC: 10729620730
[0;35m[DEBUG][0m Tamaño del archivo JSON: 1896 bytes
[0;35m[DEBUG][0m RUC no encontrado en campos estándar, buscando en todo el JSON...
[1;33m[WARNING][0m RUC no encontrado en JSON. Estructura del archivo:
[0;35m[DEBUG][0m   Clave encontrada: [
[0;35m[DEBUG][0m   Clave encontrada: "actas_probatorias",
[0;35m[DEBUG][0m   Clave encontrada: "cantidad_trabajadores",
[0;35m[DEBUG][0m   Clave encontrada: "deuda_coactiva",
[0;35m[DEBUG][0m   Clave encontrada: "facturas_fisicas",
[1;33m[WARNING][0m JSON tiene contenido (9 claves) pero RUC no coincide. Aceptando como válido.
[0;32m[SUCCESS][0m [8/26] RUC 10729620730 procesado exitosamente (129s, intento 2)
[0;34m[INFO][0m === Procesando RUC 9/26: 10738074292 ===
[0;34m[INFO][0m [9/26] Procesando RUC: 10738074292 (Intento 1/3)
[0;35m[DEBUG][0m Validando JSON: ruc_completo_10738074292.json para RUC: 10738074292
[0;35m[DEBUG][0m Tamaño del archivo JSON: 1888 bytes
[0;35m[DEBUG][0m RUC no encontrado en campos estándar, buscando en todo el JSON...
[1;33m[WARNING][0m RUC no encontrado en JSON. Estructura del archivo:
[0;35m[DEBUG][0m   Clave encontrada: [
[0;35m[DEBUG][0m   Clave encontrada: "actas_probatorias",
[0;35m[DEBUG][0m   Clave encontrada: "cantidad_trabajadores",
[0;35m[DEBUG][0m   Clave encontrada: "deuda_coactiva",
[0;35m[DEBUG][0m   Clave encontrada: "facturas_fisicas",
[1;33m[WARNING][0m JSON tiene contenido (9 claves) pero RUC no coincide. Aceptando como válido.
[0;32m[SUCCESS][0m [9/26] RUC 10738074292 procesado exitosamente (177s, intento 1)
[0;34m[INFO][0m === Procesando RUC 10/26: 10758153911 ===
[0;34m[INFO][0m [10/26] Procesando RUC: 10758153911 (Intento 1/3)
[0;35m[DEBUG][0m Validando JSON: ruc_completo_10758153911.json para RUC: 10758153911
[0;35m[DEBUG][0m Tamaño del archivo JSON: 1919 bytes
[0;35m[DEBUG][0m RUC no encontrado en campos estándar, buscando en todo el JSON...
[1;33m[WARNING][0m RUC no encontrado en JSON. Estructura del archivo:
[0;35m[DEBUG][0m   Clave encontrada: [
[0;35m[DEBUG][0m   Clave encontrada: "actas_probatorias",
[0;35m[DEBUG][0m   Clave encontrada: "cantidad_trabajadores",
[0;35m[DEBUG][0m   Clave encontrada: "deuda_coactiva",
[0;35m[DEBUG][0m   Clave encontrada: "facturas_fisicas",
[1;33m[WARNING][0m JSON tiene contenido (9 claves) pero RUC no coincide. Aceptando como válido.
[0;32m[SUCCESS][0m [10/26] RUC 10758153911 procesado exitosamente (128s, intento 1)
[0;34m[INFO][0m === PROGRESO: 10/26 (10 éxitos, 0 errores) - ETA: 3200s ===
[0;34m[INFO][0m === Procesando RUC 11/26: 10758787651 ===
[0;34m[INFO][0m [11/26] Procesando RUC: 10758787651 (Intento 1/3)
[0;35m[DEBUG][0m Validando JSON: ruc_completo_10758787651.json para RUC: 10758787651
[0;35m[DEBUG][0m Tamaño del archivo JSON: 1922 bytes
[0;35m[DEBUG][0m RUC no encontrado en campos estándar, buscando en todo el JSON...
[1;33m[WARNING][0m RUC no encontrado en JSON. Estructura del archivo:
[0;35m[DEBUG][0m   Clave encontrada: [
[0;35m[DEBUG][0m   Clave encontrada: "actas_probatorias",
[0;35m[DEBUG][0m   Clave encontrada: "cantidad_trabajadores",
[0;35m[DEBUG][0m   Clave encontrada: "deuda_coactiva",
[0;35m[DEBUG][0m   Clave encontrada: "facturas_fisicas",
[1;33m[WARNING][0m JSON tiene contenido (9 claves) pero RUC no coincide. Aceptando como válido.
[0;32m[SUCCESS][0m [11/26] RUC 10758787651 procesado exitosamente (140s, intento 1)
[0;34m[INFO][0m === Procesando RUC 12/26: 10763669322 ===
[0;34m[INFO][0m [12/26] Procesando RUC: 10763669322 (Intento 1/3)
[0;35m[DEBUG][0m Validando JSON: ruc_completo_10763669322.json para RUC: 10763669322
[0;35m[DEBUG][0m Tamaño del archivo JSON: 1901 bytes
[0;35m[DEBUG][0m RUC no encontrado en campos estándar, buscando en todo el JSON...
[1;33m[WARNING][0m RUC no encontrado en JSON. Estructura del archivo:
[0;35m[DEBUG][0m   Clave encontrada: [
[0;35m[DEBUG][0m   Clave encontrada: "actas_probatorias",
[0;35m[DEBUG][0m   Clave encontrada: "cantidad_trabajadores",
[0;35m[DEBUG][0m   Clave encontrada: "deuda_coactiva",
[0;35m[DEBUG][0m   Clave encontrada: "facturas_fisicas",
[1;33m[WARNING][0m JSON tiene contenido (9 claves) pero RUC no coincide. Aceptando como válido.
[0;32m[SUCCESS][0m [12/26] RUC 10763669322 procesado exitosamente (166s, intento 1)
[0;34m[INFO][0m === Procesando RUC 13/26: 10775397131 ===
[0;34m[INFO][0m [13/26] Procesando RUC: 10775397131 (Intento 1/3)
[0;35m[DEBUG][0m Validando JSON: ruc_completo_10775397131.json para RUC: 10775397131
[0;35m[DEBUG][0m Tamaño del archivo JSON: 929 bytes
[0;35m[DEBUG][0m RUC no encontrado en campos estándar, buscando en todo el JSON...
[1;33m[WARNING][0m RUC no encontrado en JSON. Estructura del archivo:
[0;35m[DEBUG][0m   Clave encontrada: [
[0;35m[DEBUG][0m   Clave encontrada: "fecha_consulta",
[0;35m[DEBUG][0m   Clave encontrada: "informacion_basica",
[0;35m[DEBUG][0m   Clave encontrada: "version_api"
[0;35m[DEBUG][0m   Clave encontrada: ]
[1;33m[WARNING][0m JSON tiene contenido (3 claves) pero RUC no coincide. Aceptando como válido.
[0;32m[SUCCESS][0m [13/26] RUC 10775397131 procesado exitosamente (203s, intento 1)
[0;34m[INFO][0m === Procesando RUC 14/26: 10776888813 ===
[0;34m[INFO][0m [14/26] Procesando RUC: 10776888813 (Intento 1/3)
[0;31m[ERROR][0m [14/26] RUC 10776888813: Error del scraper (código: 1, 74s, intento 1)
[0;31m[ERROR][0m Detalles del error:
[0;31m[ERROR][0m   panic: navigation failed: net::ERR_CERT_VERIFIER_CHANGED
[0;31m[ERROR][0m   github.com/consulta-ruc-scraper/pkg/scraper.NewSUNATScraper.New.(*Browser).WithPanic.genE.func1({0xc00011ea20?, 0x51?, 0x0?})
[0;35m[RETRY][0m Esperando 5s antes del próximo intento para RUC 10776888813...
[0;34m[INFO][0m [14/26] Procesando RUC: 10776888813 (Intento 2/3)
[0;35m[DEBUG][0m Validando JSON: ruc_completo_10776888813.json para RUC: 10776888813
[0;35m[DEBUG][0m Tamaño del archivo JSON: 1907 bytes
[0;35m[DEBUG][0m RUC no encontrado en campos estándar, buscando en todo el JSON...
[1;33m[WARNING][0m RUC no encontrado en JSON. Estructura del archivo:
[0;35m[DEBUG][0m   Clave encontrada: [
[0;35m[DEBUG][0m   Clave encontrada: "actas_probatorias",
[0;35m[DEBUG][0m   Clave encontrada: "cantidad_trabajadores",
[0;35m[DEBUG][0m   Clave encontrada: "deuda_coactiva",
[0;35m[DEBUG][0m   Clave encontrada: "facturas_fisicas",
[1;33m[WARNING][0m JSON tiene contenido (9 claves) pero RUC no coincide. Aceptando como válido.
[0;32m[SUCCESS][0m [14/26] RUC 10776888813 procesado exitosamente (127s, intento 2)
[0;34m[INFO][0m === Procesando RUC 15/26: 20393261162 ===
[0;34m[INFO][0m [15/26] Procesando RUC: 20393261162 (Intento 1/3)
