
=== Consultando RUC: 20393261162 ===

1. Información Completa (todas las consultas):
   Obteniendo toda la información disponible...
  📋 Consultando información principal...
    - Información General: ✓
  ℹ️  RUC 20393261162 es: Persona Jurídica
  📋 Consultando información adicional...
    - Deuda Coactiva: ✗ (error al hacer clic en el botón de deuda coactiva: context deadline exceeded)
    - Información Histórica: 2025/08/11 16:51:56 📋 Procesando tabla 1 con encabezado: 'nombre o razón social:'
2025/08/11 16:51:56 📝 Procesando razón social histórica...
2025/08/11 16:51:56 📋 Procesando tabla 2 con encabezado: 'condición del contribuyente'
2025/08/11 16:51:56 📊 Procesando condición del contribuyente...
2025/08/11 16:51:56   ✅ Condición: HABIDO (desde: - hasta: 04/03/2009)
2025/08/11 16:51:56   ✅ Condición: HABIDO (desde: 05/03/2009 hasta: 15/12/2012)
2025/08/11 16:51:56   ✅ Condición: PENDIENTE (desde: 16/12/2012 hasta: 03/01/2013)
2025/08/11 16:51:56   ✅ Condición: HABIDO (desde: 04/01/2013 hasta: 29/01/2013)
2025/08/11 16:51:56   ✅ Condición: NO HALLADO (desde: 30/01/2013 hasta: 06/02/2013)
2025/08/11 16:51:56   ✅ Condición: POR VERIFICAR (desde: 07/02/2013 hasta: 14/02/2013)
2025/08/11 16:51:56   ✅ Condición: HABIDO (desde: 15/02/2013 hasta: 03/05/2013)
2025/08/11 16:51:56   ✅ Condición: PENDIENTE (desde: 04/05/2013 hasta: 11/05/2013)
2025/08/11 16:51:56   ✅ Condición: HABIDO (desde: 12/05/2013 hasta: 13/06/2016)
2025/08/11 16:51:56   ✅ Condición: PENDIENTE (desde: 14/06/2016 hasta: 17/06/2016)
2025/08/11 16:51:56   ✅ Condición: NO HALLADO (desde: 18/06/2016 hasta: 20/07/2016)
2025/08/11 16:51:56   ✅ Condición: POR VERIFICAR (desde: 21/07/2016 hasta: 22/07/2016)
2025/08/11 16:51:56   ✅ Condición: HABIDO (desde: 23/07/2016 hasta: 22/10/2019)
2025/08/11 16:51:56   ✅ Condición: HABIDO (desde: 22/10/2019 hasta: 22/10/2019)
2025/08/11 16:51:56   ✅ Condición: HABIDO (desde: 22/10/2019 hasta: 22/10/2019)
2025/08/11 16:51:56   ✅ Condición: HABIDO (desde: 23/10/2019 hasta: 01/02/2020)
2025/08/11 16:51:56   ✅ Condición: HABIDO (desde: 01/02/2020 hasta: 01/02/2020)
2025/08/11 16:51:56   ✅ Condición: HABIDO (desde: 01/02/2020 hasta: 01/02/2020)
2025/08/11 16:51:56   ✅ Condición: HABIDO (desde: 01/02/2020 hasta: 01/02/2020)
2025/08/11 16:51:56 📋 Procesando tabla 3 con encabezado: 'dirección del domicilio fiscal'
2025/08/11 16:51:56 🏠 Procesando domicilio fiscal histórico...
2025/08/11 16:51:56   ✅ Domicilio: JR. YARINACOCHA MZA. A LOTE. 23 URB. PUCALLPA UCAYALI-CORONEL PORTILLO-YARINACOCHA (baja: 01/02/2020)
2025/08/11 16:51:57   ✅ Domicilio: JR. YARINACOCHA MZ. A LT. 23 MZA. A LOTE. 23 URB. PUCALLPA UCAYALI-CORONEL PORTILLO-YARINACOCHA (baja: 01/02/2020)
2025/08/11 16:51:57   ✅ Domicilio: JR. JR. AUGUSTO B. LEGUIA NRO. 620 URB. PUCALLPA UCAYALI-CORONEL PORTILLO-CALLERIA (baja: 01/02/2020)
2025/08/11 16:51:57   ✅ Domicilio: JR. JR. YARINACOCHA MZ. A LT. 23 NRO. S/N URB. PUCALLPA UCAYALI-CORONEL PORTILLO-YARINACOCHA (baja: 01/02/2020)
2025/08/11 16:51:57   ✅ Domicilio: JR. AUGUSTO B. LEGUIA NRO. 620 URB. PUCALLPA UCAYALI-CORONEL PORTILLO-CALLERIA (baja: 22/10/2019)
2025/08/11 16:51:57   ✅ Domicilio: JR. YARINACOCHA MZ. A LT. 23 NRO. S/N A.H. YARINACOCHA UCAYALI-CORONEL PORTILLO-YARINACOCHA (baja: 22/10/2019)
2025/08/11 16:51:57   ✅ Domicilio: JR. YARINACOCHA MZ. A LT. 23 NRO. S/N A.H. RAMIRO PRIALE UCAYALI-CORONEL PORTILLO-YARINACOCHA (baja: 22/10/2019)
2025/08/11 16:51:57   ✅ Domicilio: JR. LOS FRUTALES NRO. 367 A.H. EMANCIPACION UCAYALI-CORONEL PORTILLO-CALLERIA (baja: 20/07/2016)
2025/08/11 16:51:57   ✅ Domicilio: CAL.1 MZA. E LOTE. 1 URB. SANTA BEATRIZ UCAYALI-CORONEL PORTILLO-YARINACOCHA (baja: 03/05/2013)
2025/08/11 16:51:57   ✅ Domicilio: CAL.UNO MZA. E LOTE. 1 URB. SANTA BEATRIZ UCAYALI-CORONEL PORTILLO-YARINACOCHA (baja: 06/02/2013)
2025/08/11 16:51:57   ✅ Domicilio: JR. YURIMAGUAS NRO. 121 UCAYALI-CORONEL PORTILLO-CALLERIA (baja: 15/12/2012)
✓
    - Omisiones Tributarias: ✓
    - Cantidad de Trabajadores: ✓
    - Actas Probatorias: 2025/08/11 16:52:51 [INFO] No hay actas probatorias registradas para el contribuyente.
✓
    - Facturas Físicas: ✓
  📋 Consultando información exclusiva de Personas Jurídicas...
    - Representantes Legales: ✓
    - Establecimientos Anexos: ✓
    - Reactiva Perú: ✗ (error al hacer clic en el botón de Reactiva Perú: context deadline exceeded)
    - Programa COVID-19: ✓

   ✅ Información completa guardada en: ruc_completo_20393261162.json

   Resumen:
   - Razón Social: MULTISERVICIOS RKR S.R.L.
   - Estado: ACTIVO
   - Condición: HABIDO
   - Representantes Legales Vigentes: 1
   - Establecimientos Anexos: 2

==================================================
