
=== Consultando RUC: 20393317991 ===

1. Información Completa (todas las consultas):
   Obteniendo toda la información disponible...
  📋 Consultando información principal...
    - Información General: ✓
  ℹ️  RUC 20393317991 es: Persona Jurídica
  📋 Consultando información adicional...
    - Deuda Coactiva: ✗ (error al hacer clic en el botón de deuda coactiva: context deadline exceeded)
    - Información Histórica: 2025/08/11 16:55:51 📋 Procesando tabla 1 con encabezado: 'nombre o razón social:'
2025/08/11 16:55:51 📝 Procesando razón social histórica...
2025/08/11 16:55:51 📋 Procesando tabla 2 con encabezado: 'condición del contribuyente'
2025/08/11 16:55:51 📊 Procesando condición del contribuyente...
2025/08/11 16:55:51   ✅ Condición: PENDIENTE (desde: - hasta: 31/01/2007)
2025/08/11 16:55:51   ✅ Condición: HABIDO (desde: 01/02/2007 hasta: 23/05/2007)
2025/08/11 16:55:51   ✅ Condición: NO HALLADO (desde: 24/05/2007 hasta: 01/07/2007)
2025/08/11 16:55:51   ✅ Condición: NO HABIDO (desde: 02/07/2007 hasta: 22/02/2008)
2025/08/11 16:55:51   ✅ Condición: HABIDO (desde: 22/02/2008 hasta: 22/02/2008)
2025/08/11 16:55:51   ✅ Condición: HABIDO (desde: 23/02/2008 hasta: 29/01/2009)
2025/08/11 16:55:51   ✅ Condición: PENDIENTE (desde: 30/01/2009 hasta: 02/02/2009)
2025/08/11 16:55:51   ✅ Condición: HABIDO (desde: 03/02/2009 hasta: 08/11/2010)
2025/08/11 16:55:51   ✅ Condición: NO HALLADO (desde: 09/11/2010 hasta: 30/11/2010)
2025/08/11 16:55:51   ✅ Condición: NO HABIDO (desde: 01/12/2010 hasta: 31/08/2011)
2025/08/11 16:55:51   ✅ Condición: HABIDO (desde: 01/09/2011 hasta: 20/12/2013)
2025/08/11 16:55:51   ✅ Condición: NO HALLADO (desde: 21/12/2013 hasta: 29/01/2014)
2025/08/11 16:55:51   ✅ Condición: POR VERIFICAR (desde: 30/01/2014 hasta: 30/01/2014)
2025/08/11 16:55:51   ✅ Condición: HABIDO (desde: 31/01/2014 hasta: 12/09/2014)
2025/08/11 16:55:51   ✅ Condición: PENDIENTE (desde: 13/09/2014 hasta: 30/09/2014)
2025/08/11 16:55:51   ✅ Condición: HABIDO (desde: 01/10/2014 hasta: 26/02/2015)
2025/08/11 16:55:51   ✅ Condición: NO HALLADO (desde: 27/02/2015 hasta: 31/03/2015)
2025/08/11 16:55:51   ✅ Condición: NO HABIDO (desde: 01/04/2015 hasta: 28/10/2015)
2025/08/11 16:55:51   ✅ Condición: HABIDO (desde: 29/10/2015 hasta: 13/01/2020)
2025/08/11 16:55:51   ✅ Condición: NO HALLADO (desde: 14/01/2020 hasta: 30/01/2020)
2025/08/11 16:55:51   ✅ Condición: HABIDO (desde: 31/01/2020 hasta: 05/03/2022)
2025/08/11 16:55:51 📋 Procesando tabla 3 con encabezado: 'dirección del domicilio fiscal'
2025/08/11 16:55:51 🏠 Procesando domicilio fiscal histórico...
2025/08/11 16:55:51   ✅ Domicilio: JR. HUASCAR NRO. 510 INT. A URB. CERCADO DE PUCALLPA UCAYALI-CORONEL PORTILLO-CALLERIA (baja: 05/03/2022)
2025/08/11 16:55:51   ✅ Domicilio: JR. HUASCAR NRO. 510A UCAYALI-CORONEL PORTILLO-CALLERIA (baja: 30/01/2020)
2025/08/11 16:55:51   ✅ Domicilio: JR. 09 DE DICIEMBRE NRO. 654 UCAYALI-CORONEL PORTILLO-CALLERIA (baja: 29/01/2009)
2025/08/11 16:55:51   ✅ Domicilio: JR. 09 DE DICIEMBRE NRO. 654 UCAYALI-CORONEL PORTILLO-CALLERIA (baja: 08/02/2008)
✓
    - Omisiones Tributarias: ✓
    - Cantidad de Trabajadores: ✓
    - Actas Probatorias: 2025/08/11 16:56:45 [INFO] No hay actas probatorias registradas para el contribuyente.
✓
    - Facturas Físicas: ✓
  📋 Consultando información exclusiva de Personas Jurídicas...
    - Representantes Legales: ✓
    - Establecimientos Anexos: ✗ (no se encontró el botón de establecimientos anexos: context deadline exceeded)
    - Reactiva Perú: ✓
    - Programa COVID-19: ✓

   ✅ Información completa guardada en: ruc_completo_20393317991.json

   Resumen:
   - Razón Social: C.P.C. AUDITORES S.A.C.
   - Estado: ACTIVO
   - Condición: HABIDO
   - Representantes Legales Vigentes: 1

==================================================
